2021-04-09 01:41:35,136 INFO  - MaterializeWorkflowDescriptorActor [UUID(b254b2e6)]: Parsing workflow as WDL 1.0
2021-04-09 01:41:35,731 INFO  - MaterializeWorkflowDescriptorActor [UUID(b254b2e6)]: Call-to-Backend assignments: myWorkflow.myTask -> Local
2021-04-09 01:41:38,044 INFO  - WorkflowExecutionActor-b254b2e6-e5a2-4082-b446-577e2e720d54 [UUID(b254b2e6)]: Starting myWorkflow.myTask
2021-04-09 12:29:46,857 INFO  - WorkflowExecutionActor-b254b2e6-e5a2-4082-b446-577e2e720d54 [UUID(b254b2e6)]: Aborting workflow
2021-04-09 12:29:57,789 ERROR - BackgroundConfigAsyncJobExecutionActor [UUID(b254b2e6)myWorkflow.myTask:NA:1]: Error attempting to Execute
java.lang.Exception: Failed command instantiation
	at cromwell.backend.standard.StandardAsyncExecutionActor.instantiatedCommand(StandardAsyncExecutionActor.scala:670)
	at cromwell.backend.standard.StandardAsyncExecutionActor.instantiatedCommand$(StandardAsyncExecutionActor.scala:605)
	at cromwell.backend.impl.sfs.config.BackgroundConfigAsyncJobExecutionActor.instantiatedCommand$lzycompute(ConfigAsyncJobExecutionActor.scala:200)
	at cromwell.backend.impl.sfs.config.BackgroundConfigAsyncJobExecutionActor.instantiatedCommand(ConfigAsyncJobExecutionActor.scala:200)
	at cromwell.backend.standard.StandardAsyncExecutionActor.commandScriptContents(StandardAsyncExecutionActor.scala:383)
	at cromwell.backend.standard.StandardAsyncExecutionActor.commandScriptContents$(StandardAsyncExecutionActor.scala:382)
	at cromwell.backend.impl.sfs.config.BackgroundConfigAsyncJobExecutionActor.commandScriptContents(ConfigAsyncJobExecutionActor.scala:200)
	at cromwell.backend.sfs.SharedFileSystemAsyncJobExecutionActor.writeScriptContents(SharedFileSystemAsyncJobExecutionActor.scala:175)
	at cromwell.backend.sfs.SharedFileSystemAsyncJobExecutionActor.writeScriptContents$(SharedFileSystemAsyncJobExecutionActor.scala:174)
	at cromwell.backend.impl.sfs.config.BackgroundConfigAsyncJobExecutionActor.cromwell$backend$sfs$BackgroundAsyncJobExecutionActor$$super$writeScriptContents(ConfigAsyncJobExecutionActor.scala:200)
	at cromwell.backend.sfs.BackgroundAsyncJobExecutionActor.writeScriptContents(BackgroundAsyncJobExecutionActor.scala:12)
	at cromwell.backend.sfs.BackgroundAsyncJobExecutionActor.writeScriptContents$(BackgroundAsyncJobExecutionActor.scala:11)
	at cromwell.backend.impl.sfs.config.BackgroundConfigAsyncJobExecutionActor.writeScriptContents(ConfigAsyncJobExecutionActor.scala:200)
	at cromwell.backend.sfs.SharedFileSystemAsyncJobExecutionActor.execute(SharedFileSystemAsyncJobExecutionActor.scala:158)
	at cromwell.backend.sfs.SharedFileSystemAsyncJobExecutionActor.execute$(SharedFileSystemAsyncJobExecutionActor.scala:155)
	at cromwell.backend.impl.sfs.config.BackgroundConfigAsyncJobExecutionActor.execute(ConfigAsyncJobExecutionActor.scala:200)
	at cromwell.backend.standard.StandardAsyncExecutionActor.$anonfun$executeAsync$1(StandardAsyncExecutionActor.scala:733)
	at scala.util.Try$.apply(Try.scala:213)
	at cromwell.backend.standard.StandardAsyncExecutionActor.executeAsync(StandardAsyncExecutionActor.scala:733)
	at cromwell.backend.standard.StandardAsyncExecutionActor.executeAsync$(StandardAsyncExecutionActor.scala:733)
	at cromwell.backend.impl.sfs.config.BackgroundConfigAsyncJobExecutionActor.executeAsync(ConfigAsyncJobExecutionActor.scala:200)
	at cromwell.backend.standard.StandardAsyncExecutionActor.executeOrRecover(StandardAsyncExecutionActor.scala:1112)
	at cromwell.backend.standard.StandardAsyncExecutionActor.executeOrRecover$(StandardAsyncExecutionActor.scala:1104)
	at cromwell.backend.impl.sfs.config.BackgroundConfigAsyncJobExecutionActor.executeOrRecover(ConfigAsyncJobExecutionActor.scala:200)
	at cromwell.backend.async.AsyncBackendJobExecutionActor.$anonfun$robustExecuteOrRecover$1(AsyncBackendJobExecutionActor.scala:65)
	at cromwell.core.retry.Retry$.withRetry(Retry.scala:38)
	at cromwell.backend.async.AsyncBackendJobExecutionActor.withRetry(AsyncBackendJobExecutionActor.scala:61)
	at cromwell.backend.async.AsyncBackendJobExecutionActor.cromwell$backend$async$AsyncBackendJobExecutionActor$$robustExecuteOrRecover(AsyncBackendJobExecutionActor.scala:65)
	at cromwell.backend.async.AsyncBackendJobExecutionActor$$anonfun$receive$1.applyOrElse(AsyncBackendJobExecutionActor.scala:88)
	at scala.PartialFunction$OrElse.applyOrElse(PartialFunction.scala:176)
	at scala.PartialFunction$OrElse.applyOrElse(PartialFunction.scala:176)
	at scala.PartialFunction$OrElse.applyOrElse(PartialFunction.scala:176)
	at scala.PartialFunction$OrElse.applyOrElse(PartialFunction.scala:176)
	at akka.actor.Actor.aroundReceive(Actor.scala:539)
	at akka.actor.Actor.aroundReceive$(Actor.scala:537)
	at cromwell.backend.impl.sfs.config.BackgroundConfigAsyncJobExecutionActor.aroundReceive(ConfigAsyncJobExecutionActor.scala:200)
	at akka.actor.ActorCell.receiveMessage(ActorCell.scala:614)
	at akka.actor.ActorCell.invoke(ActorCell.scala:583)
	at akka.dispatch.Mailbox.processMailbox(Mailbox.scala:268)
	at akka.dispatch.Mailbox.run(Mailbox.scala:229)
	at akka.dispatch.Mailbox.exec(Mailbox.scala:241)
	at akka.dispatch.forkjoin.ForkJoinTask.doExec(ForkJoinTask.java:260)
	at akka.dispatch.forkjoin.ForkJoinPool$WorkQueue.runTask(ForkJoinPool.java:1339)
	at akka.dispatch.forkjoin.ForkJoinPool.runWorker(ForkJoinPool.java:1979)
	at akka.dispatch.forkjoin.ForkJoinWorkerThread.run(ForkJoinWorkerThread.java:107)
Caused by: common.exception.AggregatedMessageException: Error(s):
:
Could not localize /Users/mkumar1/wdl/tar_example/exomiser_input -> /Users/mkumar1/wdl/tar_example/cromwell-executions/myWorkflow/b254b2e6-e5a2-4082-b446-577e2e720d54/call-myTask/inputs/-223602523/exomiser_input:
	/Users/mkumar1/wdl/tar_example/exomiser_input doesn't exist
	/Users/mkumar1/wdl/tar_example/cromwell-executions/myWorkflow/b254b2e6-e5a2-4082-b446-577e2e720d54/call-myTask/inputs/-223602523/exomiser_input -> /Users/mkumar1/wdl/tar_example/exomiser_input: Operation not permitted
	File not found /Users/mkumar1/wdl/tar_example/cromwell-executions/myWorkflow/b254b2e6-e5a2-4082-b446-577e2e720d54/call-myTask/inputs/-223602523/exomiser_input.tmp/2102_hg38/2102_hg38_clinvar_whitelist.tsv.gz
	at common.validation.Validation$ValidationTry$.toTry$extension1(Validation.scala:94)
	at common.validation.Validation$ValidationTry$.toTry$extension0(Validation.scala:90)
	at cromwell.backend.standard.StandardAsyncExecutionActor.instantiatedCommand(StandardAsyncExecutionActor.scala:668)
	... 44 common frames omitted
2021-04-09 12:30:01,677 ERROR - BackgroundConfigAsyncJobExecutionActor [UUID(b254b2e6)myWorkflow.myTask:NA:1]: Error attempting to Execute
java.lang.Exception: Failed command instantiation
	at cromwell.backend.standard.StandardAsyncExecutionActor.instantiatedCommand(StandardAsyncExecutionActor.scala:670)
	at cromwell.backend.standard.StandardAsyncExecutionActor.instantiatedCommand$(StandardAsyncExecutionActor.scala:605)
	at cromwell.backend.impl.sfs.config.BackgroundConfigAsyncJobExecutionActor.instantiatedCommand$lzycompute(ConfigAsyncJobExecutionActor.scala:200)
	at cromwell.backend.impl.sfs.config.BackgroundConfigAsyncJobExecutionActor.instantiatedCommand(ConfigAsyncJobExecutionActor.scala:200)
	at cromwell.backend.standard.StandardAsyncExecutionActor.commandScriptContents(StandardAsyncExecutionActor.scala:383)
	at cromwell.backend.standard.StandardAsyncExecutionActor.commandScriptContents$(StandardAsyncExecutionActor.scala:382)
	at cromwell.backend.impl.sfs.config.BackgroundConfigAsyncJobExecutionActor.commandScriptContents(ConfigAsyncJobExecutionActor.scala:200)
	at cromwell.backend.sfs.SharedFileSystemAsyncJobExecutionActor.writeScriptContents(SharedFileSystemAsyncJobExecutionActor.scala:175)
	at cromwell.backend.sfs.SharedFileSystemAsyncJobExecutionActor.writeScriptContents$(SharedFileSystemAsyncJobExecutionActor.scala:174)
	at cromwell.backend.impl.sfs.config.BackgroundConfigAsyncJobExecutionActor.cromwell$backend$sfs$BackgroundAsyncJobExecutionActor$$super$writeScriptContents(ConfigAsyncJobExecutionActor.scala:200)
	at cromwell.backend.sfs.BackgroundAsyncJobExecutionActor.writeScriptContents(BackgroundAsyncJobExecutionActor.scala:12)
	at cromwell.backend.sfs.BackgroundAsyncJobExecutionActor.writeScriptContents$(BackgroundAsyncJobExecutionActor.scala:11)
	at cromwell.backend.impl.sfs.config.BackgroundConfigAsyncJobExecutionActor.writeScriptContents(ConfigAsyncJobExecutionActor.scala:200)
	at cromwell.backend.sfs.SharedFileSystemAsyncJobExecutionActor.execute(SharedFileSystemAsyncJobExecutionActor.scala:158)
	at cromwell.backend.sfs.SharedFileSystemAsyncJobExecutionActor.execute$(SharedFileSystemAsyncJobExecutionActor.scala:155)
	at cromwell.backend.impl.sfs.config.BackgroundConfigAsyncJobExecutionActor.execute(ConfigAsyncJobExecutionActor.scala:200)
	at cromwell.backend.standard.StandardAsyncExecutionActor.$anonfun$executeAsync$1(StandardAsyncExecutionActor.scala:733)
	at scala.util.Try$.apply(Try.scala:213)
	at cromwell.backend.standard.StandardAsyncExecutionActor.executeAsync(StandardAsyncExecutionActor.scala:733)
	at cromwell.backend.standard.StandardAsyncExecutionActor.executeAsync$(StandardAsyncExecutionActor.scala:733)
	at cromwell.backend.impl.sfs.config.BackgroundConfigAsyncJobExecutionActor.executeAsync(ConfigAsyncJobExecutionActor.scala:200)
	at cromwell.backend.standard.StandardAsyncExecutionActor.executeOrRecover(StandardAsyncExecutionActor.scala:1112)
	at cromwell.backend.standard.StandardAsyncExecutionActor.executeOrRecover$(StandardAsyncExecutionActor.scala:1104)
	at cromwell.backend.impl.sfs.config.BackgroundConfigAsyncJobExecutionActor.executeOrRecover(ConfigAsyncJobExecutionActor.scala:200)
	at cromwell.backend.async.AsyncBackendJobExecutionActor.$anonfun$robustExecuteOrRecover$1(AsyncBackendJobExecutionActor.scala:65)
	at cromwell.core.retry.Retry$.withRetry(Retry.scala:38)
	at cromwell.core.retry.Retry$$anonfun$withRetry$1.$anonfun$applyOrElse$3(Retry.scala:45)
	at akka.pattern.FutureTimeoutSupport.liftedTree1$1(FutureTimeoutSupport.scala:31)
	at akka.pattern.FutureTimeoutSupport.$anonfun$after$1(FutureTimeoutSupport.scala:31)
	at akka.actor.Scheduler$$anon$4.run(Scheduler.scala:202)
	at akka.dispatch.TaskInvocation.run(AbstractDispatcher.scala:41)
	at akka.dispatch.ForkJoinExecutorConfigurator$AkkaForkJoinTask.exec(ForkJoinExecutorConfigurator.scala:49)
	at akka.dispatch.forkjoin.ForkJoinTask.doExec(ForkJoinTask.java:260)
	at akka.dispatch.forkjoin.ForkJoinPool$WorkQueue.runTask(ForkJoinPool.java:1339)
	at akka.dispatch.forkjoin.ForkJoinPool.runWorker(ForkJoinPool.java:1979)
	at akka.dispatch.forkjoin.ForkJoinWorkerThread.run(ForkJoinWorkerThread.java:107)
Caused by: common.exception.AggregatedMessageException: Error(s):
:
Could not localize /Users/mkumar1/wdl/tar_example/exomiser_input -> /Users/mkumar1/wdl/tar_example/cromwell-executions/myWorkflow/b254b2e6-e5a2-4082-b446-577e2e720d54/call-myTask/inputs/-223602523/exomiser_input:
	/Users/mkumar1/wdl/tar_example/exomiser_input doesn't exist
	/Users/mkumar1/wdl/tar_example/cromwell-executions/myWorkflow/b254b2e6-e5a2-4082-b446-577e2e720d54/call-myTask/inputs/-223602523/exomiser_input -> /Users/mkumar1/wdl/tar_example/exomiser_input: Operation not permitted
	File not found /Users/mkumar1/wdl/tar_example/cromwell-executions/myWorkflow/b254b2e6-e5a2-4082-b446-577e2e720d54/call-myTask/inputs/-223602523/exomiser_input.tmp/2102_hg38/2102_hg38_clinvar_whitelist.tsv.gz
	at common.validation.Validation$ValidationTry$.toTry$extension1(Validation.scala:94)
	at common.validation.Validation$ValidationTry$.toTry$extension0(Validation.scala:90)
	at cromwell.backend.standard.StandardAsyncExecutionActor.instantiatedCommand(StandardAsyncExecutionActor.scala:668)
	... 35 common frames omitted
2021-04-09 12:30:05,906 ERROR - BackgroundConfigAsyncJobExecutionActor [UUID(b254b2e6)myWorkflow.myTask:NA:1]: Error attempting to Execute
java.lang.Exception: Failed command instantiation
	at cromwell.backend.standard.StandardAsyncExecutionActor.instantiatedCommand(StandardAsyncExecutionActor.scala:670)
	at cromwell.backend.standard.StandardAsyncExecutionActor.instantiatedCommand$(StandardAsyncExecutionActor.scala:605)
	at cromwell.backend.impl.sfs.config.BackgroundConfigAsyncJobExecutionActor.instantiatedCommand$lzycompute(ConfigAsyncJobExecutionActor.scala:200)
	at cromwell.backend.impl.sfs.config.BackgroundConfigAsyncJobExecutionActor.instantiatedCommand(ConfigAsyncJobExecutionActor.scala:200)
	at cromwell.backend.standard.StandardAsyncExecutionActor.commandScriptContents(StandardAsyncExecutionActor.scala:383)
	at cromwell.backend.standard.StandardAsyncExecutionActor.commandScriptContents$(StandardAsyncExecutionActor.scala:382)
	at cromwell.backend.impl.sfs.config.BackgroundConfigAsyncJobExecutionActor.commandScriptContents(ConfigAsyncJobExecutionActor.scala:200)
	at cromwell.backend.sfs.SharedFileSystemAsyncJobExecutionActor.writeScriptContents(SharedFileSystemAsyncJobExecutionActor.scala:175)
	at cromwell.backend.sfs.SharedFileSystemAsyncJobExecutionActor.writeScriptContents$(SharedFileSystemAsyncJobExecutionActor.scala:174)
	at cromwell.backend.impl.sfs.config.BackgroundConfigAsyncJobExecutionActor.cromwell$backend$sfs$BackgroundAsyncJobExecutionActor$$super$writeScriptContents(ConfigAsyncJobExecutionActor.scala:200)
	at cromwell.backend.sfs.BackgroundAsyncJobExecutionActor.writeScriptContents(BackgroundAsyncJobExecutionActor.scala:12)
	at cromwell.backend.sfs.BackgroundAsyncJobExecutionActor.writeScriptContents$(BackgroundAsyncJobExecutionActor.scala:11)
	at cromwell.backend.impl.sfs.config.BackgroundConfigAsyncJobExecutionActor.writeScriptContents(ConfigAsyncJobExecutionActor.scala:200)
	at cromwell.backend.sfs.SharedFileSystemAsyncJobExecutionActor.execute(SharedFileSystemAsyncJobExecutionActor.scala:158)
	at cromwell.backend.sfs.SharedFileSystemAsyncJobExecutionActor.execute$(SharedFileSystemAsyncJobExecutionActor.scala:155)
	at cromwell.backend.impl.sfs.config.BackgroundConfigAsyncJobExecutionActor.execute(ConfigAsyncJobExecutionActor.scala:200)
	at cromwell.backend.standard.StandardAsyncExecutionActor.$anonfun$executeAsync$1(StandardAsyncExecutionActor.scala:733)
	at scala.util.Try$.apply(Try.scala:213)
	at cromwell.backend.standard.StandardAsyncExecutionActor.executeAsync(StandardAsyncExecutionActor.scala:733)
	at cromwell.backend.standard.StandardAsyncExecutionActor.executeAsync$(StandardAsyncExecutionActor.scala:733)
	at cromwell.backend.impl.sfs.config.BackgroundConfigAsyncJobExecutionActor.executeAsync(ConfigAsyncJobExecutionActor.scala:200)
	at cromwell.backend.standard.StandardAsyncExecutionActor.executeOrRecover(StandardAsyncExecutionActor.scala:1112)
	at cromwell.backend.standard.StandardAsyncExecutionActor.executeOrRecover$(StandardAsyncExecutionActor.scala:1104)
	at cromwell.backend.impl.sfs.config.BackgroundConfigAsyncJobExecutionActor.executeOrRecover(ConfigAsyncJobExecutionActor.scala:200)
	at cromwell.backend.async.AsyncBackendJobExecutionActor.$anonfun$robustExecuteOrRecover$1(AsyncBackendJobExecutionActor.scala:65)
	at cromwell.core.retry.Retry$.withRetry(Retry.scala:38)
	at cromwell.core.retry.Retry$$anonfun$withRetry$1.$anonfun$applyOrElse$3(Retry.scala:45)
	at akka.pattern.FutureTimeoutSupport.liftedTree1$1(FutureTimeoutSupport.scala:31)
	at akka.pattern.FutureTimeoutSupport.$anonfun$after$1(FutureTimeoutSupport.scala:31)
	at akka.actor.Scheduler$$anon$4.run(Scheduler.scala:202)
	at akka.dispatch.TaskInvocation.run(AbstractDispatcher.scala:41)
	at akka.dispatch.ForkJoinExecutorConfigurator$AkkaForkJoinTask.exec(ForkJoinExecutorConfigurator.scala:49)
	at akka.dispatch.forkjoin.ForkJoinTask.doExec(ForkJoinTask.java:260)
	at akka.dispatch.forkjoin.ForkJoinPool$WorkQueue.runTask(ForkJoinPool.java:1339)
	at akka.dispatch.forkjoin.ForkJoinPool.runWorker(ForkJoinPool.java:1979)
	at akka.dispatch.forkjoin.ForkJoinWorkerThread.run(ForkJoinWorkerThread.java:107)
Caused by: common.exception.AggregatedMessageException: Error(s):
:
Could not localize /Users/mkumar1/wdl/tar_example/exomiser_input -> /Users/mkumar1/wdl/tar_example/cromwell-executions/myWorkflow/b254b2e6-e5a2-4082-b446-577e2e720d54/call-myTask/inputs/-223602523/exomiser_input:
	/Users/mkumar1/wdl/tar_example/exomiser_input doesn't exist
	/Users/mkumar1/wdl/tar_example/cromwell-executions/myWorkflow/b254b2e6-e5a2-4082-b446-577e2e720d54/call-myTask/inputs/-223602523/exomiser_input -> /Users/mkumar1/wdl/tar_example/exomiser_input: Operation not permitted
	File not found /Users/mkumar1/wdl/tar_example/cromwell-executions/myWorkflow/b254b2e6-e5a2-4082-b446-577e2e720d54/call-myTask/inputs/-223602523/exomiser_input.tmp/2102_hg38/2102_hg38_clinvar_whitelist.tsv.gz
	at common.validation.Validation$ValidationTry$.toTry$extension1(Validation.scala:94)
	at common.validation.Validation$ValidationTry$.toTry$extension0(Validation.scala:90)
	at cromwell.backend.standard.StandardAsyncExecutionActor.instantiatedCommand(StandardAsyncExecutionActor.scala:668)
	... 35 common frames omitted
